This file contains any messages produced by compilers while
running configure, to aid debugging if configure makes a mistake.

It was created by iptables configure 1.4.5, which was
generated by GNU Autoconf 2.69.  Invocation command line was

  $ ./configure --prefix=/home/liqiang/workdir/NewCodePath/Base_version/model_qca/build/../rootfs.build.2.6.31 --build=i386 --host=mips-linux --with-ksource=/home/liqiang/workdir/NewCodePath/Base_version/model_qca/build/../ap143-2.0/linux/kernels/mips-linux-2.6.31 --disable-devel --disable-libipq --disable-ipv6

## --------- ##
## Platform. ##
## --------- ##

hostname = liqiang-H81M-S2PV
uname -m = i686
uname -r = 3.13.0-32-generic
uname -s = Linux
uname -v = #57-Ubuntu SMP Tue Jul 15 03:51:12 UTC 2014

/usr/bin/uname -p = unknown
/bin/uname -X     = unknown

/bin/arch              = i686
/usr/bin/arch -k       = unknown
/usr/convex/getsysinfo = unknown
/usr/bin/hostinfo      = unknown
/bin/machine           = unknown
/usr/bin/oslevel       = unknown
/bin/universe          = unknown

PATH: /home/liqiang/workdir/NewCodePath/Base_version/model_qca/build/../build/gcc-4.3.3/build_mips/staging_dir/usr//bin
PATH: /home/liqiang/bin
PATH: /usr/lib/jvm/jdk1.8.0_121/bin
PATH: /usr/local/sbin
PATH: /usr/local/bin
PATH: /usr/sbin
PATH: /usr/bin
PATH: /sbin
PATH: /bin
PATH: /usr/games
PATH: /usr/local/games
PATH: /home/liqiang/workdir/soho5_qca_trunk_prep/util/mkfirmware/bin/


## ----------- ##
## Core tests. ##
## ----------- ##

configure:2416: checking for a BSD-compatible install
configure:2484: result: /usr/bin/install -c
configure:2497: checking whether build environment is sane
configure:2547: result: yes
configure:2596: checking for mips-linux-strip
configure:2623: result: mips-linux-uclibc-sstrip
configure:2688: checking for a thread-safe mkdir -p
configure:2727: result: /bin/mkdir -p
configure:2740: checking for gawk
configure:2756: found /usr/bin/gawk
configure:2767: result: gawk
configure:2778: checking whether make sets $(MAKE)
configure:2800: result: yes
configure:2888: checking for mips-linux-gcc
configure:2904: found /home/liqiang/workdir/NewCodePath/Base_version/model_qca/build/../build/gcc-4.3.3/build_mips/staging_dir/usr//bin/mips-linux-gcc
configure:2915: result: mips-linux-gcc
configure:3184: checking for C compiler version
configure:3193: mips-linux-gcc --version >&5
mips-linux-gcc (GCC) 4.3.3
Copyright (C) 2008 Free Software Foundation, Inc.
This is free software; see the source for copying conditions.  There is NO
warranty; not even for MERCHANTABILITY or FITNESS FOR A PARTICULAR PURPOSE.

configure:3204: $? = 0
configure:3193: mips-linux-gcc -v >&5
Using built-in specs.
Target: mips-linux-uclibc
Configured with: /home/db120/branch_scorpion_11ac_gcc4.3.3/build/gcc-4.3.3/toolchain_build_mips/gcc-4.3.3/configure --prefix=/usr --build=i386-pc-linux-gnu --host=i386-pc-linux-gnu --target=mips-linux-uclibc --enable-languages=c,c++ --with-sysroot=/home/db120/branch_scorpion_11ac_gcc4.3.3/build/gcc-4.3.3/build_mips/staging_dir --with-build-time-tools=/home/db120/branch_scorpion_11ac_gcc4.3.3/build/gcc-4.3.3/build_mips/staging_dir/usr/mips-linux-uclibc/bin --disable-__cxa_atexit --enable-target-optspace --with-gnu-ld --disable-libssp --disable-tls --enable-shared --with-gmp=/home/db120/branch_scorpion_11ac_gcc4.3.3/build/gcc-4.3.3/toolchain_build_mips/gmp --with-mpfr=/home/db120/branch_scorpion_11ac_gcc4.3.3/build/gcc-4.3.3/toolchain_build_mips/mpfr --disable-nls --enable-threads --disable-multilib --disable-decimal-float --with-float=soft --with-abi=32 --with-tune=mips32r2
Thread model: posix
gcc version 4.3.3 (GCC) 
configure:3204: $? = 0
configure:3193: mips-linux-gcc -V >&5
mips-linux-gcc: '-V' option must have argument
configure:3204: $? = 1
configure:3193: mips-linux-gcc -qversion >&5
mips-linux-gcc: unrecognized option '-qversion'
mips-linux-gcc: no input files
configure:3204: $? = 1
configure:3224: checking whether the C compiler works
configure:3246: mips-linux-gcc    conftest.c  >&5
configure:3250: $? = 0
configure:3298: result: yes
configure:3301: checking for C compiler default output file name
configure:3303: result: a.out
configure:3309: checking for suffix of executables
configure:3316: mips-linux-gcc -o conftest    conftest.c  >&5
configure:3320: $? = 0
configure:3342: result: 
configure:3364: checking whether we are cross compiling
configure:3402: result: yes
configure:3407: checking for suffix of object files
configure:3429: mips-linux-gcc -c   conftest.c >&5
configure:3433: $? = 0
configure:3454: result: o
configure:3458: checking whether we are using the GNU C compiler
configure:3477: mips-linux-gcc -c   conftest.c >&5
configure:3477: $? = 0
configure:3486: result: yes
configure:3495: checking whether mips-linux-gcc accepts -g
configure:3515: mips-linux-gcc -c -g  conftest.c >&5
configure:3515: $? = 0
configure:3556: result: yes
configure:3573: checking for mips-linux-gcc option to accept ISO C89
configure:3636: mips-linux-gcc  -c -g -O2  conftest.c >&5
configure:3636: $? = 0
configure:3649: result: none needed
configure:3680: checking for style of include used by make
configure:3708: result: GNU
configure:3733: checking dependency style of mips-linux-gcc
configure:3843: result: gcc3
configure:3859: checking whether mips-linux-gcc and cc understand -c and -o together
configure:3890: mips-linux-gcc -c conftest.c -o conftest2.o >&5
configure:3894: $? = 0
configure:3900: mips-linux-gcc -c conftest.c -o conftest2.o >&5
configure:3904: $? = 0
configure:3915: cc -c conftest.c >&5
configure:3919: $? = 0
configure:3927: cc -c conftest.c -o conftest2.o >&5
configure:3931: $? = 0
configure:3937: cc -c conftest.c -o conftest2.o >&5
configure:3941: $? = 0
configure:3959: result: yes
configure:4044: checking build system type
configure:4058: result: i386-pc-none
configure:4078: checking host system type
configure:4091: result: mips-unknown-linux-gnu
configure:4111: checking for a sed that does not truncate output
configure:4175: result: /bin/sed
configure:4193: checking for grep that handles long lines and -e
configure:4251: result: /bin/grep
configure:4256: checking for egrep
configure:4318: result: /bin/grep -E
configure:4323: checking for fgrep
configure:4385: result: /bin/grep -F
configure:4420: checking for ld used by mips-linux-gcc
configure:4487: result: /home/liqiang/workdir/NewCodePath/Base_version/model_qca/build/gcc-4.3.3/build_mips/staging_dir/usr/mips-linux-uclibc/bin/ld
configure:4494: checking if the linker (/home/liqiang/workdir/NewCodePath/Base_version/model_qca/build/gcc-4.3.3/build_mips/staging_dir/usr/mips-linux-uclibc/bin/ld) is GNU ld
configure:4509: result: yes
configure:4521: checking for BSD- or MS-compatible name lister (nm)
configure:4570: result: /home/liqiang/workdir/NewCodePath/Base_version/model_qca/build/../build/gcc-4.3.3/build_mips/staging_dir/usr//bin/mips-linux-nm -B
configure:4688: checking the name lister (/home/liqiang/workdir/NewCodePath/Base_version/model_qca/build/../build/gcc-4.3.3/build_mips/staging_dir/usr//bin/mips-linux-nm -B) interface
configure:4695: mips-linux-gcc -c -g -O2  conftest.c >&5
configure:4698: /home/liqiang/workdir/NewCodePath/Base_version/model_qca/build/../build/gcc-4.3.3/build_mips/staging_dir/usr//bin/mips-linux-nm -B "conftest.o"
configure:4701: output
00000000 B some_variable
configure:4708: result: BSD nm
configure:4711: checking whether ln -s works
configure:4715: result: yes
configure:4723: checking the maximum length of command line arguments
configure:4843: result: 805306365
configure:4860: checking whether the shell understands some XSI constructs
configure:4870: result: yes
configure:4874: checking whether the shell understands "+="
configure:4880: result: yes
configure:4915: checking for /home/liqiang/workdir/NewCodePath/Base_version/model_qca/build/gcc-4.3.3/build_mips/staging_dir/usr/mips-linux-uclibc/bin/ld option to reload object files
configure:4922: result: -r
configure:4951: checking for mips-linux-objdump
configure:4967: found /home/liqiang/workdir/NewCodePath/Base_version/model_qca/build/../build/gcc-4.3.3/build_mips/staging_dir/usr//bin/mips-linux-objdump
configure:4978: result: mips-linux-objdump
configure:5050: checking how to recognize dependent libraries
configure:5246: result: pass_all
configure:5266: checking for mips-linux-ar
configure:5282: found /home/liqiang/workdir/NewCodePath/Base_version/model_qca/build/../build/gcc-4.3.3/build_mips/staging_dir/usr//bin/mips-linux-ar
configure:5293: result: mips-linux-ar
configure:5371: checking for mips-linux-strip
configure:5398: result: mips-linux-uclibc-sstrip
configure:5470: checking for mips-linux-ranlib
configure:5486: found /home/liqiang/workdir/NewCodePath/Base_version/model_qca/build/../build/gcc-4.3.3/build_mips/staging_dir/usr//bin/mips-linux-ranlib
configure:5497: result: mips-linux-ranlib
configure:5627: checking command to parse /home/liqiang/workdir/NewCodePath/Base_version/model_qca/build/../build/gcc-4.3.3/build_mips/staging_dir/usr//bin/mips-linux-nm -B output from mips-linux-gcc object
configure:5745: mips-linux-gcc -c -g -O2  conftest.c >&5
configure:5748: $? = 0
configure:5752: /home/liqiang/workdir/NewCodePath/Base_version/model_qca/build/../build/gcc-4.3.3/build_mips/staging_dir/usr//bin/mips-linux-nm -B conftest.o \| sed -n -e 's/^.*[	 ]\([ABCDGIRSTW][ABCDGIRSTW]*\)[	 ][	 ]*\([_A-Za-z][_A-Za-z0-9]*\)$/\1 \2 \2/p' \> conftest.nm
configure:5755: $? = 0
configure:5809: mips-linux-gcc -o conftest -g -O2   conftest.c conftstm.o >&5
configure:5812: $? = 0
configure:5850: result: ok
configure:6659: checking how to run the C preprocessor
configure:6690: mips-linux-gcc -E  conftest.c
configure:6690: $? = 0
configure:6704: mips-linux-gcc -E  conftest.c
conftest.c:11:28: error: ac_nonexistent.h: No such file or directory
configure:6704: $? = 1
configure: failed program was:
| /* confdefs.h */
| #define PACKAGE_NAME "iptables"
| #define PACKAGE_TARNAME "iptables"
| #define PACKAGE_VERSION "1.4.5"
| #define PACKAGE_STRING "iptables 1.4.5"
| #define PACKAGE_BUGREPORT ""
| #define PACKAGE_URL ""
| #define PACKAGE "iptables"
| #define VERSION "1.4.5"
| /* end confdefs.h.  */
| #include <ac_nonexistent.h>
configure:6729: result: mips-linux-gcc -E
configure:6749: mips-linux-gcc -E  conftest.c
configure:6749: $? = 0
configure:6763: mips-linux-gcc -E  conftest.c
conftest.c:11:28: error: ac_nonexistent.h: No such file or directory
configure:6763: $? = 1
configure: failed program was:
| /* confdefs.h */
| #define PACKAGE_NAME "iptables"
| #define PACKAGE_TARNAME "iptables"
| #define PACKAGE_VERSION "1.4.5"
| #define PACKAGE_STRING "iptables 1.4.5"
| #define PACKAGE_BUGREPORT ""
| #define PACKAGE_URL ""
| #define PACKAGE "iptables"
| #define VERSION "1.4.5"
| /* end confdefs.h.  */
| #include <ac_nonexistent.h>
configure:6792: checking for ANSI C header files
configure:6812: mips-linux-gcc -c -g -O2  conftest.c >&5
configure:6812: $? = 0
configure:6896: result: yes
configure:6909: checking for sys/types.h
configure:6909: mips-linux-gcc -c -g -O2  conftest.c >&5
configure:6909: $? = 0
configure:6909: result: yes
configure:6909: checking for sys/stat.h
configure:6909: mips-linux-gcc -c -g -O2  conftest.c >&5
configure:6909: $? = 0
configure:6909: result: yes
configure:6909: checking for stdlib.h
configure:6909: mips-linux-gcc -c -g -O2  conftest.c >&5
configure:6909: $? = 0
configure:6909: result: yes
configure:6909: checking for string.h
configure:6909: mips-linux-gcc -c -g -O2  conftest.c >&5
configure:6909: $? = 0
configure:6909: result: yes
configure:6909: checking for memory.h
configure:6909: mips-linux-gcc -c -g -O2  conftest.c >&5
configure:6909: $? = 0
configure:6909: result: yes
configure:6909: checking for strings.h
configure:6909: mips-linux-gcc -c -g -O2  conftest.c >&5
configure:6909: $? = 0
configure:6909: result: yes
configure:6909: checking for inttypes.h
configure:6909: mips-linux-gcc -c -g -O2  conftest.c >&5
configure:6909: $? = 0
configure:6909: result: yes
configure:6909: checking for stdint.h
configure:6909: mips-linux-gcc -c -g -O2  conftest.c >&5
configure:6909: $? = 0
configure:6909: result: yes
configure:6909: checking for unistd.h
configure:6909: mips-linux-gcc -c -g -O2  conftest.c >&5
configure:6909: $? = 0
configure:6909: result: yes
configure:6923: checking for dlfcn.h
configure:6923: mips-linux-gcc -c -g -O2  conftest.c >&5
configure:6923: $? = 0
configure:6923: result: yes
configure:7077: checking for objdir
configure:7092: result: .libs
configure:7388: checking if mips-linux-gcc supports -fno-rtti -fno-exceptions
configure:7406: mips-linux-gcc -c -g -O2  -fno-rtti -fno-exceptions conftest.c >&5
cc1: warning: command line option "-fno-rtti" is valid for C++/ObjC++ but not for C
configure:7410: $? = 0
configure:7423: result: no
configure:7443: checking for mips-linux-gcc option to produce PIC
configure:7715: result: -fPIC -DPIC
configure:7727: checking if mips-linux-gcc PIC flag -fPIC -DPIC works
configure:7745: mips-linux-gcc -c -g -O2  -fPIC -DPIC -DPIC conftest.c >&5
configure:7749: $? = 0
configure:7762: result: yes
configure:7786: checking if mips-linux-gcc static flag -static works
configure:7814: result: yes
configure:7829: checking if mips-linux-gcc supports -c -o file.o
configure:7850: mips-linux-gcc -c -g -O2  -o out/conftest2.o conftest.c >&5
configure:7854: $? = 0
configure:7876: result: yes
configure:7884: checking if mips-linux-gcc supports -c -o file.o
configure:7931: result: yes
configure:7964: checking whether the mips-linux-gcc linker (/home/liqiang/workdir/NewCodePath/Base_version/model_qca/build/gcc-4.3.3/build_mips/staging_dir/usr/mips-linux-uclibc/bin/ld) supports shared libraries
configure:8954: result: yes
configure:8991: checking whether -lc should be explicitly linked in
configure:8996: mips-linux-gcc -c -g -O2  conftest.c >&5
configure:8999: $? = 0
configure:9014: mips-linux-gcc -shared conftest.o  -v -Wl,-soname -Wl,conftest -o conftest 2\>\&1 \| /bin/grep  -lc  \>/dev/null 2\>\&1
configure:9017: $? = 0
configure:9029: result: no
configure:9193: checking dynamic linker characteristics
configure:9626: mips-linux-gcc -o conftest -g -O2   -Wl,-rpath -Wl,/foo conftest.c  >&5
configure:9626: $? = 0
configure:9856: result: GNU/Linux ld.so
configure:9958: checking how to hardcode library paths into programs
configure:9983: result: immediate
configure:10503: checking whether stripping libraries is possible
configure:10525: result: no
configure:10543: checking if libtool supports shared libraries
configure:10545: result: yes
configure:10548: checking whether to build shared libraries
configure:10569: result: yes
configure:10572: checking whether to build static libraries
configure:10576: result: no
configure:10673: checking linux/dccp.h usability
configure:10673: mips-linux-gcc -c -g -O2  conftest.c >&5
configure:10673: $? = 0
configure:10673: result: yes
configure:10673: checking linux/dccp.h presence
configure:10673: mips-linux-gcc -E  conftest.c
configure:10673: $? = 0
configure:10673: result: yes
configure:10673: checking for linux/dccp.h
configure:10673: result: yes
configure:10915: creating ./config.status

## ---------------------- ##
## Running config.status. ##
## ---------------------- ##

This file was extended by iptables config.status 1.4.5, which was
generated by GNU Autoconf 2.69.  Invocation command line was

  CONFIG_FILES    = 
  CONFIG_HEADERS  = 
  CONFIG_LINKS    = 
  CONFIG_COMMANDS = 
  $ ./config.status 

on liqiang-H81M-S2PV

config.status:1089: creating Makefile
config.status:1089: creating extensions/GNUmakefile
config.status:1089: creating include/Makefile
config.status:1089: creating libipq/Makefile
config.status:1089: creating include/xtables.h
config.status:1089: creating include/iptables/internal.h
config.status:1089: creating libiptc.pc
config.status:1089: creating xtables.pc
config.status:1089: creating config.h
config.status:1318: executing depfiles commands
config.status:1318: executing libtool commands

## ---------------- ##
## Cache variables. ##
## ---------------- ##

ac_cv_build=i386-pc-none
ac_cv_c_compiler_gnu=yes
ac_cv_env_CC_set=
ac_cv_env_CC_value=
ac_cv_env_CFLAGS_set=
ac_cv_env_CFLAGS_value=
ac_cv_env_CPPFLAGS_set=
ac_cv_env_CPPFLAGS_value=
ac_cv_env_CPP_set=
ac_cv_env_CPP_value=
ac_cv_env_LDFLAGS_set=
ac_cv_env_LDFLAGS_value=
ac_cv_env_LIBS_set=
ac_cv_env_LIBS_value=
ac_cv_env_build_alias_set=set
ac_cv_env_build_alias_value=i386
ac_cv_env_host_alias_set=set
ac_cv_env_host_alias_value=mips-linux
ac_cv_env_target_alias_set=
ac_cv_env_target_alias_value=
ac_cv_header_dlfcn_h=yes
ac_cv_header_inttypes_h=yes
ac_cv_header_linux_dccp_h=yes
ac_cv_header_memory_h=yes
ac_cv_header_stdc=yes
ac_cv_header_stdint_h=yes
ac_cv_header_stdlib_h=yes
ac_cv_header_string_h=yes
ac_cv_header_strings_h=yes
ac_cv_header_sys_stat_h=yes
ac_cv_header_sys_types_h=yes
ac_cv_header_unistd_h=yes
ac_cv_host=mips-unknown-linux-gnu
ac_cv_objext=o
ac_cv_path_EGREP='/bin/grep -E'
ac_cv_path_FGREP='/bin/grep -F'
ac_cv_path_GREP=/bin/grep
ac_cv_path_SED=/bin/sed
ac_cv_path_install='/usr/bin/install -c'
ac_cv_path_mkdir=/bin/mkdir
ac_cv_prog_AR=mips-linux-ar
ac_cv_prog_AWK=gawk
ac_cv_prog_CC=mips-linux-gcc
ac_cv_prog_CPP='mips-linux-gcc -E'
ac_cv_prog_OBJDUMP=mips-linux-objdump
ac_cv_prog_RANLIB=mips-linux-ranlib
ac_cv_prog_STRIP=mips-linux-uclibc-sstrip
ac_cv_prog_cc_c89=
ac_cv_prog_cc_g=yes
ac_cv_prog_cc_mips_linux_gcc_c_o=yes
ac_cv_prog_make_make_set=yes
am_cv_CC_dependencies_compiler_type=gcc3
lt_cv_deplibs_check_method=pass_all
lt_cv_file_magic_cmd='$MAGIC_CMD'
lt_cv_file_magic_test_file=
lt_cv_ld_reload_flag=-r
lt_cv_nm_interface='BSD nm'
lt_cv_objdir=.libs
lt_cv_path_LD=/home/liqiang/workdir/NewCodePath/Base_version/model_qca/build/gcc-4.3.3/build_mips/staging_dir/usr/mips-linux-uclibc/bin/ld
lt_cv_path_NM='/home/liqiang/workdir/NewCodePath/Base_version/model_qca/build/../build/gcc-4.3.3/build_mips/staging_dir/usr//bin/mips-linux-nm -B'
lt_cv_prog_compiler_c_o=yes
lt_cv_prog_compiler_pic_works=yes
lt_cv_prog_compiler_rtti_exceptions=no
lt_cv_prog_compiler_static_works=yes
lt_cv_prog_gnu_ld=yes
lt_cv_sys_global_symbol_pipe='sed -n -e '\''s/^.*[	 ]\([ABCDGIRSTW][ABCDGIRSTW]*\)[	 ][	 ]*\([_A-Za-z][_A-Za-z0-9]*\)$/\1 \2 \2/p'\'''
lt_cv_sys_global_symbol_to_c_name_address='sed -n -e '\''s/^: \([^ ]*\) $/  {\"\1\", (void *) 0},/p'\'' -e '\''s/^[ABCDGIRSTW]* \([^ ]*\) \([^ ]*\)$/  {"\2", (void *) \&\2},/p'\'''
lt_cv_sys_global_symbol_to_c_name_address_lib_prefix='sed -n -e '\''s/^: \([^ ]*\) $/  {\"\1\", (void *) 0},/p'\'' -e '\''s/^[ABCDGIRSTW]* \([^ ]*\) \(lib[^ ]*\)$/  {"\2", (void *) \&\2},/p'\'' -e '\''s/^[ABCDGIRSTW]* \([^ ]*\) \([^ ]*\)$/  {"lib\2", (void *) \&\2},/p'\'''
lt_cv_sys_global_symbol_to_cdecl='sed -n -e '\''s/^T .* \(.*\)$/extern int \1();/p'\'' -e '\''s/^[ABCDGIRSTW]* .* \(.*\)$/extern char \1;/p'\'''
lt_cv_sys_max_cmd_len=805306365

## ----------------- ##
## Output variables. ##
## ----------------- ##

ACLOCAL='${SHELL} /home/liqiang/workdir/NewCodePath/Base_version/model_qca/apps/iptables-1.4.5/missing --run aclocal-1.11'
AMDEPBACKSLASH='\'
AMDEP_FALSE='#'
AMDEP_TRUE=''
AMTAR='${SHELL} /home/liqiang/workdir/NewCodePath/Base_version/model_qca/apps/iptables-1.4.5/missing --run tar'
AR='mips-linux-ar'
AUTOCONF='${SHELL} /home/liqiang/workdir/NewCodePath/Base_version/model_qca/apps/iptables-1.4.5/missing --run autoconf'
AUTOHEADER='${SHELL} /home/liqiang/workdir/NewCodePath/Base_version/model_qca/apps/iptables-1.4.5/missing --run autoheader'
AUTOMAKE='${SHELL} /home/liqiang/workdir/NewCodePath/Base_version/model_qca/apps/iptables-1.4.5/missing --run automake-1.11'
AWK='gawk'
CC='mips-linux-gcc'
CCDEPMODE='depmode=gcc3'
CFLAGS='-g -O2'
CPP='mips-linux-gcc -E'
CPPFLAGS=''
CYGPATH_W='echo'
DEFS='-DHAVE_CONFIG_H'
DEPDIR='.deps'
DSYMUTIL=''
DUMPBIN=''
ECHO_C=''
ECHO_N='-n'
ECHO_T=''
EGREP='/bin/grep -E'
ENABLE_DEVEL_FALSE=''
ENABLE_DEVEL_TRUE='#'
ENABLE_IPV4_FALSE='#'
ENABLE_IPV4_TRUE=''
ENABLE_IPV6_FALSE=''
ENABLE_IPV6_TRUE='#'
ENABLE_LIBIPQ_FALSE=''
ENABLE_LIBIPQ_TRUE='#'
ENABLE_SHARED_FALSE='#'
ENABLE_SHARED_TRUE=''
ENABLE_STATIC_FALSE=''
ENABLE_STATIC_TRUE='#'
EXEEXT=''
FGREP='/bin/grep -F'
GREP='/bin/grep'
INSTALL_DATA='${INSTALL} -m 644'
INSTALL_PROGRAM='${INSTALL}'
INSTALL_SCRIPT='${INSTALL}'
INSTALL_STRIP_PROGRAM='$(install_sh) -c -s'
LD='/home/liqiang/workdir/NewCodePath/Base_version/model_qca/build/gcc-4.3.3/build_mips/staging_dir/usr/mips-linux-uclibc/bin/ld'
LDFLAGS=''
LIBOBJS=''
LIBS=''
LIBTOOL='$(SHELL) $(top_builddir)/libtool'
LIPO=''
LN_S='ln -s'
LTLIBOBJS=''
MAKEINFO='${SHELL} /home/liqiang/workdir/NewCodePath/Base_version/model_qca/apps/iptables-1.4.5/missing --run makeinfo'
MKDIR_P='/bin/mkdir -p'
NM='/home/liqiang/workdir/NewCodePath/Base_version/model_qca/build/../build/gcc-4.3.3/build_mips/staging_dir/usr//bin/mips-linux-nm -B'
NMEDIT=''
OBJDUMP='mips-linux-objdump'
OBJEXT='o'
OTOOL64=''
OTOOL=''
PACKAGE='iptables'
PACKAGE_BUGREPORT=''
PACKAGE_NAME='iptables'
PACKAGE_STRING='iptables 1.4.5'
PACKAGE_TARNAME='iptables'
PACKAGE_URL=''
PACKAGE_VERSION='1.4.5'
PATH_SEPARATOR=':'
RANLIB='mips-linux-ranlib'
SED='/bin/sed'
SET_MAKE=''
SHELL='/bin/sh'
STRIP='mips-linux-uclibc-sstrip'
VERSION='1.4.5'
ac_ct_CC=''
ac_ct_DUMPBIN=''
am__EXEEXT_FALSE=''
am__EXEEXT_TRUE='#'
am__fastdepCC_FALSE='#'
am__fastdepCC_TRUE=''
am__include='include'
am__isrc=''
am__leading_dot='.'
am__quote=''
am__tar='${AMTAR} chof - "$$tardir"'
am__untar='${AMTAR} xf -'
bindir='${exec_prefix}/bin'
blacklist_modules=''
build='i386-pc-none'
build_alias='i386'
build_cpu='i386'
build_os='none'
build_vendor='pc'
datadir='${datarootdir}'
datarootdir='${prefix}/share'
docdir='${datarootdir}/doc/${PACKAGE_TARNAME}'
dvidir='${docdir}'
exec_prefix='${prefix}'
host='mips-unknown-linux-gnu'
host_alias='mips-linux'
host_cpu='mips'
host_os='linux-gnu'
host_vendor='unknown'
htmldir='${docdir}'
includedir='${prefix}/include'
infodir='${datarootdir}/info'
install_sh='${SHELL} /home/liqiang/workdir/NewCodePath/Base_version/model_qca/apps/iptables-1.4.5/install-sh'
kbuilddir=''
kinclude_CFLAGS=' -I /home/liqiang/workdir/NewCodePath/Base_version/model_qca/build/../ap143-2.0/linux/kernels/mips-linux-2.6.31/include'
ksourcedir='/home/liqiang/workdir/NewCodePath/Base_version/model_qca/build/../ap143-2.0/linux/kernels/mips-linux-2.6.31'
libdir='${exec_prefix}/lib'
libexecdir='${exec_prefix}/libexec'
libxtables_vage='1'
libxtables_vcurrent='3'
libxtables_vmajor='2'
localedir='${datarootdir}/locale'
localstatedir='${prefix}/var'
lt_ECHO='echo'
mandir='${datarootdir}/man'
mkdir_p='/bin/mkdir -p'
oldincludedir='/usr/include'
pdfdir='${docdir}'
pkgconfigdir='${libdir}/pkgconfig'
prefix='/home/liqiang/workdir/NewCodePath/Base_version/model_qca/build/../rootfs.build.2.6.31'
program_transform_name='s,x,x,'
psdir='${docdir}'
regular_CFLAGS='-D_LARGEFILE_SOURCE=1 -D_LARGE_FILES -D_FILE_OFFSET_BITS=64 	-D_REENTRANT -Wall -Waggregate-return -Wmissing-declarations 	-Wmissing-prototypes -Wredundant-decls -Wshadow -Wstrict-prototypes 	-Winline -pipe 	-DXTABLES_LIBDIR=\"${xtlibdir}\" -DXTABLES_INTERNAL'
sbindir='${exec_prefix}/sbin'
sharedstatedir='${prefix}/com'
sysconfdir='${prefix}/etc'
target_alias=''
xtlibdir='${exec_prefix}/libexec/xtables'

## ----------- ##
## confdefs.h. ##
## ----------- ##

/* confdefs.h */
#define PACKAGE_NAME "iptables"
#define PACKAGE_TARNAME "iptables"
#define PACKAGE_VERSION "1.4.5"
#define PACKAGE_STRING "iptables 1.4.5"
#define PACKAGE_BUGREPORT ""
#define PACKAGE_URL ""
#define PACKAGE "iptables"
#define VERSION "1.4.5"
#define STDC_HEADERS 1
#define HAVE_SYS_TYPES_H 1
#define HAVE_SYS_STAT_H 1
#define HAVE_STDLIB_H 1
#define HAVE_STRING_H 1
#define HAVE_MEMORY_H 1
#define HAVE_STRINGS_H 1
#define HAVE_INTTYPES_H 1
#define HAVE_STDINT_H 1
#define HAVE_UNISTD_H 1
#define HAVE_DLFCN_H 1
#define LT_OBJDIR ".libs/"

configure: exit 0
